<?xml version="1.0" encoding="UTF-8"?>
<!-- Generated by org.testng.reporters.JUnitReportReporter -->
<testsuite hostname="DESKTOP-6M9GUQS" failures="0" tests="1" name="rest.RestAssured_Api_Automation.TestExe" time="3.502" errors="0" timestamp="2020-08-07T20:34:27 IST" skipped="0">
  <testcase classname="rest.RestAssured_Api_Automation.TestExe" name="testInitila" time="3.502"/>
</testsuite> <!-- rest.RestAssured_Api_Automation.TestExe -->
